%このファイルは日本語文字を含みます.
\BOOKMARK [0][]{chapter*.1}{概要}{}% 1
\BOOKMARK [0][]{chapter.1}{第1章 系の設定}{}% 2
\BOOKMARK [1][]{section.1.1}{1.1 ハミルトニアン}{chapter.1}% 3
\BOOKMARK [2][]{subsection.1.1.1}{1.1.1 粒子-粒子間相互作用ポテンシャル}{section.1.1}% 4
\BOOKMARK [2][]{subsection.1.1.2}{1.1.2 周期境界条件と最近接イメージ規約}{section.1.1}% 5
\BOOKMARK [2][]{subsection.1.1.3}{1.1.3 壁-粒子間相互作用ポテンシャル}{section.1.1}% 6
\BOOKMARK [1][]{section.1.2}{1.2 熱流}{chapter.1}% 7
\BOOKMARK [0][]{chapter.2}{第2章 実験の設定}{}% 8
\BOOKMARK [1][]{section.2.1}{2.1 重力と熱流を同時にかける}{chapter.2}% 9
\BOOKMARK [1][]{section.2.2}{2.2 重力を先にかけて, 熱流を後からかける}{chapter.2}% 10
\BOOKMARK [1][]{section.2.3}{2.3 重力のみをかける}{chapter.2}% 11
\BOOKMARK [1][]{section.2.4}{2.4 熱流のみをかける}{chapter.2}% 12
\BOOKMARK [1][]{section.2.5}{2.5 重力と熱流を同時にかける\(時間10倍\)}{chapter.2}% 13
\BOOKMARK [1][]{section.2.6}{2.6 重力を先にかけて, 熱流を後からかける\(時間10倍\)}{chapter.2}% 14
\BOOKMARK [0][]{chapter.3}{第3章 分析と考察}{}% 15
\BOOKMARK [1][]{section.3.1}{3.1 重心位置}{chapter.3}% 16
\BOOKMARK [1][]{section.3.2}{3.2 リミットサイクル}{chapter.3}% 17
\BOOKMARK [0][]{figure.caption.36}{謝辞}{}% 18
\BOOKMARK [0][]{appendix.A}{付録A 分析画像}{}% 19
\BOOKMARK [1][]{section.A.1}{A.1 ヒストグラム}{appendix.A}% 20
\BOOKMARK [2][]{subsection.A.1.1}{A.1.1 重力と熱流を同時にかける}{section.A.1}% 21
\BOOKMARK [2][]{subsection.A.1.2}{A.1.2 重力を先にかけて, 熱流を後からかける}{section.A.1}% 22
\BOOKMARK [2][]{subsection.A.1.3}{A.1.3 重力のみをかける}{section.A.1}% 23
\BOOKMARK [2][]{subsection.A.1.4}{A.1.4 熱流のみをかける}{section.A.1}% 24
\BOOKMARK [2][]{subsection.A.1.5}{A.1.5 重力と熱流を同時にかける\(10倍\)}{section.A.1}% 25
\BOOKMARK [2][]{subsection.A.1.6}{A.1.6 重力を先にかけて, 熱流を後からかける\(10倍\)}{section.A.1}% 26
\BOOKMARK [1][]{section.A.2}{A.2 空間的な揺らぎ}{appendix.A}% 27
\BOOKMARK [2][]{subsection.A.2.1}{A.2.1 重力と熱流を同時にかける}{section.A.2}% 28
\BOOKMARK [2][]{subsection.A.2.2}{A.2.2 重力を先にかけて, 熱流を後からかける}{section.A.2}% 29
\BOOKMARK [2][]{subsection.A.2.3}{A.2.3 重力のみをかける}{section.A.2}% 30
\BOOKMARK [2][]{subsection.A.2.4}{A.2.4 熱流のみをかける}{section.A.2}% 31
\BOOKMARK [2][]{subsection.A.2.5}{A.2.5 重力と熱流を同時にかける\(10倍\)}{section.A.2}% 32
\BOOKMARK [2][]{subsection.A.2.6}{A.2.6 重力を先にかけて, 熱流を後からかける\(10倍\)}{section.A.2}% 33
\BOOKMARK [1][]{section.A.3}{A.3 サイクル}{appendix.A}% 34
\BOOKMARK [2][]{subsection.A.3.1}{A.3.1 重力と熱流を同時にかける}{section.A.3}% 35
\BOOKMARK [2][]{subsection.A.3.2}{A.3.2 重力を先にかけて, 熱流を後からかける}{section.A.3}% 36
\BOOKMARK [2][]{subsection.A.3.3}{A.3.3 重力のみをかける}{section.A.3}% 37
\BOOKMARK [2][]{subsection.A.3.4}{A.3.4 熱流のみをかける}{section.A.3}% 38
\BOOKMARK [2][]{subsection.A.3.5}{A.3.5 重力と熱流を同時にかける\(10倍\)}{section.A.3}% 39
\BOOKMARK [2][]{subsection.A.3.6}{A.3.6 重力を先にかけて, 熱流を後からかける\(10倍\)}{section.A.3}% 40
\BOOKMARK [1][]{section.A.4}{A.4 サイクル3D}{appendix.A}% 41
\BOOKMARK [2][]{subsection.A.4.1}{A.4.1 重力と熱流を同時にかける}{section.A.4}% 42
\BOOKMARK [2][]{subsection.A.4.2}{A.4.2 重力を先にかけて, 熱流を後からかける}{section.A.4}% 43
\BOOKMARK [2][]{subsection.A.4.3}{A.4.3 重力のみをかける}{section.A.4}% 44
\BOOKMARK [2][]{subsection.A.4.4}{A.4.4 熱流のみをかける}{section.A.4}% 45
\BOOKMARK [2][]{subsection.A.4.5}{A.4.5 重力と熱流を同時にかける\(10倍\)}{section.A.4}% 46
\BOOKMARK [2][]{subsection.A.4.6}{A.4.6 重力を先にかけて, 熱流を後からかける\(10倍\)}{section.A.4}% 47
\BOOKMARK [1][]{section.A.5}{A.5 ヒートマップ}{appendix.A}% 48
\BOOKMARK [2][]{subsection.A.5.1}{A.5.1 重力と熱流を同時にかける}{section.A.5}% 49
\BOOKMARK [2][]{subsection.A.5.2}{A.5.2 重力を先にかけて, 熱流を後からかける}{section.A.5}% 50
\BOOKMARK [2][]{subsection.A.5.3}{A.5.3 重力のみをかける}{section.A.5}% 51
\BOOKMARK [2][]{subsection.A.5.4}{A.5.4 熱流のみをかける}{section.A.5}% 52
\BOOKMARK [2][]{subsection.A.5.5}{A.5.5 重力と熱流を同時にかける\(10倍\)}{section.A.5}% 53
\BOOKMARK [2][]{subsection.A.5.6}{A.5.6 重力を先にかけて, 熱流を後からかける\(10倍\)}{section.A.5}% 54
\BOOKMARK [0][]{appendix.B}{付録B ソースコード}{}% 55
\BOOKMARK [1][]{section.B.1}{B.1 LAMMPSファイル}{appendix.B}% 56
\BOOKMARK [1][]{section.B.2}{B.2 実行ファイル}{appendix.B}% 57
\BOOKMARK [1][]{section.B.3}{B.3 プロットファイル}{appendix.B}% 58
\BOOKMARK [0][]{appendix*.68}{参考文献}{}% 59
