%このファイルは日本語文字を含みます.
\BOOKMARK [0][]{chapter*.1}{概要}{}% 1
\BOOKMARK [0][]{chapter.1}{第1章 系の設定}{}% 2
\BOOKMARK [1][]{section.1.1}{1.1 ハミルトニアン}{chapter.1}% 3
\BOOKMARK [2][]{subsection.1.1.1}{1.1.1 粒子-粒子間相互作用ポテンシャル}{section.1.1}% 4
\BOOKMARK [2][]{subsection.1.1.2}{1.1.2 周期境界条件と最近接イメージ規約}{section.1.1}% 5
\BOOKMARK [2][]{subsection.1.1.3}{1.1.3 壁-粒子間相互作用ポテンシャル}{section.1.1}% 6
\BOOKMARK [1][]{section.1.2}{1.2 熱流}{chapter.1}% 7
\BOOKMARK [0][]{chapter.2}{第2章 まとめ}{}% 8
\BOOKMARK [1][]{section.2.1}{2.1 壁の濡れ性と周期的なダイナミクス}{chapter.2}% 9
\BOOKMARK [1][]{section.2.2}{2.2 ダイナミクスとリミットサイクル}{chapter.2}% 10
\BOOKMARK [0][]{section.2.2}{謝辞}{}% 11
\BOOKMARK [0][]{appendix.A}{付録A 研究手法}{}% 12
\BOOKMARK [1][]{section.A.1}{A.1 LAMMPS}{appendix.A}% 13
\BOOKMARK [1][]{section.A.2}{A.2 Lennard-Jones potential}{appendix.A}% 14
\BOOKMARK [1][]{section.A.3}{A.3 ディレクトリ構造}{appendix.A}% 15
\BOOKMARK [0][]{appendix.B}{付録B ソースコード}{}% 16
\BOOKMARK [1][]{section.B.1}{B.1 LAMMPSファイル}{appendix.B}% 17
\BOOKMARK [1][]{section.B.2}{B.2 実行ファイル}{appendix.B}% 18
\BOOKMARK [1][]{section.B.3}{B.3 プロットファイル}{appendix.B}% 19
\BOOKMARK [0][]{appendix*.10}{参考文献}{}% 20
